<?xml version="1.0" encoding="utf-8"?>
<coverage line-rate="0.9743999999999999" branch-rate="1" version="1.9" timestamp="1776888022" lines-covered="573" lines-valid="588" branches-covered="157" branches-valid="157">
  <sources>
    <source>/Users/filipklos/Repositories/EchoForest/</source>
  </sources>
  <packages>
    <package name="EchoForest" line-rate="0.9743999999999999" branch-rate="1" complexity="265">
      <classes>
        <class name="GodotPlugins.Game.Main" filename=".godot/mono/temp/obj/Debug/Godot.SourceGenerators/Godot.SourceGenerators.GodotPluginsInitializerGenerator/GodotPlugins.Game.generated.cs" line-rate="0" branch-rate="1" complexity="1">
          <methods>
            <method name="InitializeFromGameProject" signature="(System.IntPtr,System.IntPtr,System.IntPtr,System.Int32)" line-rate="0" branch-rate="1" complexity="1">
              <lines>
                <line number="13" hits="0" branch="False" />
                <line number="15" hits="0" branch="False" />
                <line number="16" hits="0" branch="False" />
                <line number="18" hits="0" branch="False" />
                <line number="20" hits="0" branch="False" />
                <line number="22" hits="0" branch="False" />
                <line number="24" hits="0" branch="False" />
                <line number="26" hits="0" branch="False" />
                <line number="28" hits="0" branch="False" />
                <line number="30" hits="0" branch="False" />
                <line number="31" hits="0" branch="False" />
                <line number="32" hits="0" branch="False" />
                <line number="33" hits="0" branch="False" />
                <line number="35" hits="0" branch="False" />
              </lines>
            </method>
          </methods>
          <lines>
            <line number="13" hits="0" branch="False" />
            <line number="15" hits="0" branch="False" />
            <line number="16" hits="0" branch="False" />
            <line number="18" hits="0" branch="False" />
            <line number="20" hits="0" branch="False" />
            <line number="22" hits="0" branch="False" />
            <line number="24" hits="0" branch="False" />
            <line number="26" hits="0" branch="False" />
            <line number="28" hits="0" branch="False" />
            <line number="30" hits="0" branch="False" />
            <line number="31" hits="0" branch="False" />
            <line number="32" hits="0" branch="False" />
            <line number="33" hits="0" branch="False" />
            <line number="35" hits="0" branch="False" />
          </lines>
        </class>
        <class name="EchoForest.Core.AnimationClipConfig" filename="src/Scripts/Core/AnimationClipConfig.cs" line-rate="1" branch-rate="1" complexity="7">
          <methods>
            <method name="get_Name" signature="()" line-rate="1" branch-rate="1" complexity="1">
              <lines>
                <line number="18" hits="464" branch="False" />
              </lines>
            </method>
            <method name="get_Row" signature="()" line-rate="1" branch-rate="1" complexity="1">
              <lines>
                <line number="21" hits="39" branch="False" />
              </lines>
            </method>
            <method name="get_StartColumn" signature="()" line-rate="1" branch-rate="1" complexity="1">
              <lines>
                <line number="24" hits="25" branch="False" />
              </lines>
            </method>
            <method name="get_FrameCount" signature="()" line-rate="1" branch-rate="1" complexity="1">
              <lines>
                <line number="27" hits="26" branch="False" />
              </lines>
            </method>
            <method name="get_Fps" signature="()" line-rate="1" branch-rate="1" complexity="1">
              <lines>
                <line number="30" hits="13" branch="False" />
              </lines>
            </method>
            <method name="get_FrameColumns" signature="()" line-rate="1" branch-rate="1" complexity="1">
              <lines>
                <line number="49" hits="6" branch="False" />
              </lines>
            </method>
            <method name=".ctor" signature="(System.String,System.Int32,System.Int32,System.Int32,System.Single)" line-rate="1" branch-rate="1" complexity="1">
              <lines>
                <line number="34" hits="32" branch="False" />
                <line number="35" hits="32" branch="False" />
                <line number="36" hits="32" branch="False" />
                <line number="37" hits="32" branch="False" />
                <line number="38" hits="32" branch="False" />
                <line number="39" hits="32" branch="False" />
                <line number="40" hits="32" branch="False" />
                <line number="41" hits="32" branch="False" />
                <line number="42" hits="32" branch="False" />
              </lines>
            </method>
          </methods>
          <lines>
            <line number="18" hits="464" branch="False" />
            <line number="21" hits="39" branch="False" />
            <line number="24" hits="25" branch="False" />
            <line number="27" hits="26" branch="False" />
            <line number="30" hits="13" branch="False" />
            <line number="49" hits="6" branch="False" />
            <line number="34" hits="32" branch="False" />
            <line number="35" hits="32" branch="False" />
            <line number="36" hits="32" branch="False" />
            <line number="37" hits="32" branch="False" />
            <line number="38" hits="32" branch="False" />
            <line number="39" hits="32" branch="False" />
            <line number="40" hits="32" branch="False" />
            <line number="41" hits="32" branch="False" />
            <line number="42" hits="32" branch="False" />
          </lines>
        </class>
        <class name="EchoForest.Core.AnimationNames" filename="src/Scripts/Core/AnimationNames.cs" line-rate="1" branch-rate="1" complexity="12">
          <methods>
            <method name="Get" signature="(EchoForest.Core.PlayerState,EchoForest.Core.Direction)" line-rate="1" branch-rate="1" complexity="1">
              <lines>
                <line number="45" hits="42" branch="False" />
              </lines>
            </method>
            <method name="GetPrefix" signature="(EchoForest.Core.PlayerState)" line-rate="1" branch-rate="1" complexity="6">
              <lines>
                <line number="47" hits="42" branch="True" condition-coverage="100% (6/6)">
                  <conditions>
                    <condition number="5" type="switch" coverage="100%" />
                  </conditions>
                </line>
                <line number="48" hits="42" branch="False" />
                <line number="49" hits="16" branch="False" />
                <line number="50" hits="9" branch="False" />
                <line number="51" hits="8" branch="False" />
                <line number="52" hits="4" branch="False" />
                <line number="53" hits="4" branch="False" />
                <line number="54" hits="1" branch="False" />
                <line number="55" hits="42" branch="False" />
              </lines>
            </method>
            <method name="GetSuffix" signature="(EchoForest.Core.Direction)" line-rate="1" branch-rate="1" complexity="5">
              <lines>
                <line number="57" hits="41" branch="True" condition-coverage="100% (5/5)">
                  <conditions>
                    <condition number="5" type="switch" coverage="100%" />
                  </conditions>
                </line>
                <line number="58" hits="41" branch="False" />
                <line number="59" hits="15" branch="False" />
                <line number="60" hits="8" branch="False" />
                <line number="61" hits="8" branch="False" />
                <line number="62" hits="9" branch="False" />
                <line number="63" hits="1" branch="False" />
                <line number="64" hits="41" branch="False" />
              </lines>
            </method>
          </methods>
          <lines>
            <line number="45" hits="42" branch="False" />
            <line number="47" hits="42" branch="True" condition-coverage="100% (6/6)">
              <conditions>
                <condition number="5" type="switch" coverage="100%" />
              </conditions>
            </line>
            <line number="48" hits="42" branch="False" />
            <line number="49" hits="16" branch="False" />
            <line number="50" hits="9" branch="False" />
            <line number="51" hits="8" branch="False" />
            <line number="52" hits="4" branch="False" />
            <line number="53" hits="4" branch="False" />
            <line number="54" hits="1" branch="False" />
            <line number="55" hits="42" branch="False" />
            <line number="57" hits="41" branch="True" condition-coverage="100% (5/5)">
              <conditions>
                <condition number="5" type="switch" coverage="100%" />
              </conditions>
            </line>
            <line number="58" hits="41" branch="False" />
            <line number="59" hits="15" branch="False" />
            <line number="60" hits="8" branch="False" />
            <line number="61" hits="8" branch="False" />
            <line number="62" hits="9" branch="False" />
            <line number="63" hits="1" branch="False" />
            <line number="64" hits="41" branch="False" />
          </lines>
        </class>
        <class name="EchoForest.Core.CameraController" filename="src/Scripts/Core/CameraController.cs" line-rate="1" branch-rate="1" complexity="19">
          <methods>
            <method name="get_Position" signature="()" line-rate="1" branch-rate="1" complexity="1">
              <lines>
                <line number="22" hits="160" branch="False" />
              </lines>
            </method>
            <method name="get_FollowSpeed" signature="()" line-rate="1" branch-rate="1" complexity="1">
              <lines>
                <line number="35" hits="3" branch="False" />
              </lines>
            </method>
            <method name="set_FollowSpeed" signature="(System.Single)" line-rate="1" branch-rate="1" complexity="2">
              <lines>
                <line number="37" hits="5" branch="False" />
                <line number="38" hits="5" branch="True" condition-coverage="100% (2/2)">
                  <conditions>
                    <condition number="14" type="jump" coverage="100%" />
                  </conditions>
                </line>
                <line number="39" hits="2" branch="False" />
                <line number="40" hits="3" branch="False" />
                <line number="41" hits="3" branch="False" />
              </lines>
            </method>
            <method name="get_Offset" signature="()" line-rate="1" branch-rate="1" complexity="1">
              <lines>
                <line number="50" hits="39" branch="False" />
              </lines>
            </method>
            <method name="get_SnapToPixels" signature="()" line-rate="1" branch-rate="1" complexity="1">
              <lines>
                <line number="58" hits="47" branch="False" />
              </lines>
            </method>
            <method name="SetTarget" signature="(Godot.Vector2)" line-rate="1" branch-rate="1" complexity="1">
              <lines>
                <line number="65" hits="6" branch="False" />
              </lines>
            </method>
            <method name="ClearTarget" signature="()" line-rate="1" branch-rate="1" complexity="1">
              <lines>
                <line number="68" hits="1" branch="False" />
              </lines>
            </method>
            <method name="SetBounds" signature="(Godot.Rect2)" line-rate="1" branch-rate="1" complexity="1">
              <lines>
                <line number="81" hits="13" branch="False" />
                <line number="82" hits="13" branch="False" />
                <line number="83" hits="13" branch="False" />
                <line number="84" hits="13" branch="False" />
              </lines>
            </method>
            <method name="ClearBounds" signature="()" line-rate="1" branch-rate="1" complexity="1">
              <lines>
                <line number="91" hits="2" branch="False" />
                <line number="92" hits="2" branch="False" />
                <line number="93" hits="2" branch="False" />
              </lines>
            </method>
            <method name="ForcePosition" signature="(Godot.Vector2)" line-rate="1" branch-rate="1" complexity="1">
              <lines>
                <line number="102" hits="18" branch="False" />
                <line number="103" hits="18" branch="False" />
                <line number="104" hits="18" branch="False" />
                <line number="105" hits="18" branch="False" />
              </lines>
            </method>
            <method name="ApplyBounds" signature="()" line-rate="1" branch-rate="1" complexity="2">
              <lines>
                <line number="114" hits="30" branch="False" />
                <line number="115" hits="46" branch="True" condition-coverage="100% (2/2)">
                  <conditions>
                    <condition number="14" type="jump" coverage="100%" />
                  </conditions>
                </line>
                <line number="117" hits="14" branch="False" />
                <line number="118" hits="14" branch="False" />
                <line number="119" hits="14" branch="False" />
                <line number="120" hits="14" branch="False" />
                <line number="122" hits="14" branch="False" />
                <line number="123" hits="14" branch="False" />
                <line number="124" hits="14" branch="False" />
                <line number="125" hits="14" branch="False" />
                <line number="126" hits="30" branch="False" />
              </lines>
            </method>
            <method name="ApplyPixelSnap" signature="()" line-rate="1" branch-rate="1" complexity="1">
              <lines>
                <line number="136" hits="6" branch="False" />
                <line number="137" hits="6" branch="False" />
                <line number="138" hits="6" branch="False" />
                <line number="139" hits="6" branch="False" />
                <line number="140" hits="6" branch="False" />
                <line number="141" hits="6" branch="False" />
              </lines>
            </method>
            <method name="Update" signature="(System.Double)" line-rate="1" branch-rate="1" complexity="4">
              <lines>
                <line number="151" hits="10" branch="False" />
                <line number="152" hits="10" branch="True" condition-coverage="100% (2/2)">
                  <conditions>
                    <condition number="14" type="jump" coverage="100%" />
                  </conditions>
                </line>
                <line number="153" hits="5" branch="False" />
                <line number="154" hits="5" branch="False" />
                <line number="155" hits="5" branch="False" />
                <line number="156" hits="5" branch="False" />
                <line number="157" hits="5" branch="False" />
                <line number="159" hits="10" branch="False" />
                <line number="161" hits="10" branch="True" condition-coverage="100% (2/2)">
                  <conditions>
                    <condition number="107" type="jump" coverage="100%" />
                  </conditions>
                </line>
                <line number="162" hits="3" branch="False" />
                <line number="163" hits="10" branch="False" />
              </lines>
            </method>
            <method name=".ctor" signature="()" line-rate="1" branch-rate="1" complexity="1">
              <lines>
                <line number="26" hits="33" branch="False" />
              </lines>
            </method>
          </methods>
          <lines>
            <line number="22" hits="160" branch="False" />
            <line number="35" hits="3" branch="False" />
            <line number="37" hits="5" branch="False" />
            <line number="38" hits="5" branch="True" condition-coverage="100% (2/2)">
              <conditions>
                <condition number="14" type="jump" coverage="100%" />
              </conditions>
            </line>
            <line number="39" hits="2" branch="False" />
            <line number="40" hits="3" branch="False" />
            <line number="41" hits="3" branch="False" />
            <line number="50" hits="39" branch="False" />
            <line number="58" hits="47" branch="False" />
            <line number="65" hits="6" branch="False" />
            <line number="68" hits="1" branch="False" />
            <line number="81" hits="13" branch="False" />
            <line number="82" hits="13" branch="False" />
            <line number="83" hits="13" branch="False" />
            <line number="84" hits="13" branch="False" />
            <line number="91" hits="2" branch="False" />
            <line number="92" hits="2" branch="False" />
            <line number="93" hits="2" branch="False" />
            <line number="102" hits="18" branch="False" />
            <line number="103" hits="18" branch="False" />
            <line number="104" hits="18" branch="False" />
            <line number="105" hits="18" branch="False" />
            <line number="114" hits="30" branch="False" />
            <line number="115" hits="46" branch="True" condition-coverage="100% (2/2)">
              <conditions>
                <condition number="14" type="jump" coverage="100%" />
              </conditions>
            </line>
            <line number="117" hits="14" branch="False" />
            <line number="118" hits="14" branch="False" />
            <line number="119" hits="14" branch="False" />
            <line number="120" hits="14" branch="False" />
            <line number="122" hits="14" branch="False" />
            <line number="123" hits="14" branch="False" />
            <line number="124" hits="14" branch="False" />
            <line number="125" hits="14" branch="False" />
            <line number="126" hits="30" branch="False" />
            <line number="136" hits="6" branch="False" />
            <line number="137" hits="6" branch="False" />
            <line number="138" hits="6" branch="False" />
            <line number="139" hits="6" branch="False" />
            <line number="140" hits="6" branch="False" />
            <line number="141" hits="6" branch="False" />
            <line number="151" hits="10" branch="False" />
            <line number="152" hits="10" branch="True" condition-coverage="100% (2/2)">
              <conditions>
                <condition number="14" type="jump" coverage="100%" />
              </conditions>
            </line>
            <line number="153" hits="5" branch="False" />
            <line number="154" hits="5" branch="False" />
            <line number="155" hits="5" branch="False" />
            <line number="156" hits="5" branch="False" />
            <line number="157" hits="5" branch="False" />
            <line number="159" hits="10" branch="False" />
            <line number="161" hits="10" branch="True" condition-coverage="100% (2/2)">
              <conditions>
                <condition number="107" type="jump" coverage="100%" />
              </conditions>
            </line>
            <line number="162" hits="3" branch="False" />
            <line number="163" hits="10" branch="False" />
            <line number="26" hits="33" branch="False" />
          </lines>
        </class>
        <class name="EchoForest.Core.CharacterSpriteConfig" filename="src/Scripts/Core/CharacterSpriteConfig.cs" line-rate="1" branch-rate="1" complexity="3">
          <methods>
            <method name="get_All" signature="()" line-rate="1" branch-rate="1" complexity="1">
              <lines>
                <line number="124" hits="6" branch="False" />
              </lines>
            </method>
            <method name="GetByName" signature="(System.String)" line-rate="1" branch-rate="1" complexity="1">
              <lines>
                <line number="130" hits="478" branch="False" />
              </lines>
            </method>
            <method name=".cctor" signature="()" line-rate="1" branch-rate="1" complexity="1">
              <lines>
                <line number="83" hits="1" branch="False" />
                <line number="85" hits="1" branch="False" />
                <line number="91" hits="1" branch="False" />
                <line number="92" hits="1" branch="False" />
                <line number="93" hits="1" branch="False" />
                <line number="95" hits="1" branch="False" />
                <line number="96" hits="1" branch="False" />
                <line number="97" hits="1" branch="False" />
                <line number="99" hits="1" branch="False" />
                <line number="100" hits="1" branch="False" />
                <line number="101" hits="1" branch="False" />
                <line number="103" hits="1" branch="False" />
                <line number="104" hits="1" branch="False" />
                <line number="105" hits="1" branch="False" />
                <line number="112" hits="1" branch="False" />
                <line number="113" hits="1" branch="False" />
                <line number="114" hits="1" branch="False" />
                <line number="115" hits="1" branch="False" />
                <line number="116" hits="1" branch="False" />
                <line number="117" hits="1" branch="False" />
                <line number="118" hits="1" branch="False" />
              </lines>
            </method>
          </methods>
          <lines>
            <line number="124" hits="6" branch="False" />
            <line number="130" hits="478" branch="False" />
            <line number="83" hits="1" branch="False" />
            <line number="85" hits="1" branch="False" />
            <line number="91" hits="1" branch="False" />
            <line number="92" hits="1" branch="False" />
            <line number="93" hits="1" branch="False" />
            <line number="95" hits="1" branch="False" />
            <line number="96" hits="1" branch="False" />
            <line number="97" hits="1" branch="False" />
            <line number="99" hits="1" branch="False" />
            <line number="100" hits="1" branch="False" />
            <line number="101" hits="1" branch="False" />
            <line number="103" hits="1" branch="False" />
            <line number="104" hits="1" branch="False" />
            <line number="105" hits="1" branch="False" />
            <line number="112" hits="1" branch="False" />
            <line number="113" hits="1" branch="False" />
            <line number="114" hits="1" branch="False" />
            <line number="115" hits="1" branch="False" />
            <line number="116" hits="1" branch="False" />
            <line number="117" hits="1" branch="False" />
            <line number="118" hits="1" branch="False" />
          </lines>
        </class>
        <class name="EchoForest.Core.Constants/Layers" filename="src/Scripts/Core/Constants.cs" line-rate="1" branch-rate="1" complexity="1">
          <methods>
            <method name=".cctor" signature="()" line-rate="1" branch-rate="1" complexity="1">
              <lines>
                <line number="46" hits="1" branch="False" />
              </lines>
            </method>
          </methods>
          <lines>
            <line number="46" hits="1" branch="False" />
          </lines>
        </class>
        <class name="EchoForest.Core.CottageSceneConfig" filename="src/Scripts/Core/CottageSceneConfig.cs" line-rate="1" branch-rate="1" complexity="71">
          <methods>
            <method name="get_CameraBounds" signature="()" line-rate="1" branch-rate="1" complexity="1">
              <lines>
                <line number="122" hits="14" branch="False" />
                <line number="123" hits="14" branch="False" />
                <line number="124" hits="14" branch="False" />
                <line number="125" hits="14" branch="False" />
                <line number="126" hits="14" branch="False" />
              </lines>
            </method>
            <method name="GetTileFileName" signature="(System.Int32,System.Int32)" line-rate="1" branch-rate="1" complexity="20">
              <lines>
                <line number="207" hits="2042" branch="False" />
                <line number="208" hits="2059" branch="True" condition-coverage="100% (2/2)">
                  <conditions>
                    <condition number="15" type="jump" coverage="100%" />
                  </conditions>
                </line>
                <line number="209" hits="2042" branch="True" condition-coverage="100% (2/2)">
                  <conditions>
                    <condition number="42" type="jump" coverage="100%" />
                  </conditions>
                </line>
                <line number="210" hits="2049" branch="True" condition-coverage="100% (2/2)">
                  <conditions>
                    <condition number="69" type="jump" coverage="100%" />
                  </conditions>
                </line>
                <line number="211" hits="2047" branch="True" condition-coverage="100% (2/2)">
                  <conditions>
                    <condition number="98" type="jump" coverage="100%" />
                  </conditions>
                </line>
                <line number="212" hits="1905" branch="True" condition-coverage="100% (2/2)">
                  <conditions>
                    <condition number="127" type="jump" coverage="100%" />
                  </conditions>
                </line>
                <line number="213" hits="1887" branch="True" condition-coverage="100% (2/2)">
                  <conditions>
                    <condition number="156" type="jump" coverage="100%" />
                  </conditions>
                </line>
                <line number="214" hits="1869" branch="True" condition-coverage="100% (2/2)">
                  <conditions>
                    <condition number="182" type="jump" coverage="100%" />
                  </conditions>
                </line>
                <line number="215" hits="1851" branch="True" condition-coverage="100% (2/2)">
                  <conditions>
                    <condition number="208" type="jump" coverage="100%" />
                  </conditions>
                </line>
                <line number="216" hits="1874" branch="True" condition-coverage="100% (2/2)">
                  <conditions>
                    <condition number="234" type="jump" coverage="100%" />
                  </conditions>
                </line>
                <line number="217" hits="2107" branch="True" condition-coverage="100% (2/2)">
                  <conditions>
                    <condition number="255" type="jump" coverage="100%" />
                  </conditions>
                </line>
                <line number="218" hits="1405" branch="False" />
                <line number="219" hits="2042" branch="False" />
              </lines>
            </method>
            <method name="GetSourceId" signature="(System.String)" line-rate="1" branch-rate="1" complexity="46">
              <lines>
                <line number="225" hits="612" branch="True" condition-coverage="100% (46/46)">
                  <conditions>
                    <condition number="17" type="jump" coverage="100%" />
                    <condition number="25" type="jump" coverage="100%" />
                    <condition number="33" type="jump" coverage="100%" />
                    <condition number="62" type="jump" coverage="100%" />
                    <condition number="75" type="jump" coverage="100%" />
                    <condition number="101" type="jump" coverage="100%" />
                    <condition number="109" type="jump" coverage="100%" />
                    <condition number="135" type="jump" coverage="100%" />
                    <condition number="145" type="jump" coverage="100%" />
                    <condition number="88" type="jump" coverage="100%" />
                    <condition number="158" type="jump" coverage="100%" />
                    <condition number="119" type="jump" coverage="100%" />
                    <condition number="46" type="jump" coverage="100%" />
                    <condition number="176" type="jump" coverage="100%" />
                    <condition number="197" type="jump" coverage="100%" />
                    <condition number="218" type="jump" coverage="100%" />
                    <condition number="236" type="jump" coverage="100%" />
                    <condition number="254" type="jump" coverage="100%" />
                    <condition number="269" type="jump" coverage="100%" />
                    <condition number="284" type="jump" coverage="100%" />
                    <condition number="299" type="jump" coverage="100%" />
                    <condition number="314" type="jump" coverage="100%" />
                    <condition number="329" type="jump" coverage="100%" />
                  </conditions>
                </line>
                <line number="226" hits="612" branch="False" />
                <line number="227" hits="415" branch="False" />
                <line number="228" hits="104" branch="False" />
                <line number="229" hits="19" branch="False" />
                <line number="230" hits="26" branch="False" />
                <line number="231" hits="13" branch="False" />
                <line number="232" hits="5" branch="False" />
                <line number="233" hits="5" branch="False" />
                <line number="234" hits="11" branch="False" />
                <line number="235" hits="11" branch="False" />
                <line number="236" hits="1" branch="False" />
                <line number="237" hits="2" branch="False" />
                <line number="238" hits="612" branch="False" />
              </lines>
            </method>
            <method name="IsGrassVariation" signature="(System.Int32,System.Int32)" line-rate="1" branch-rate="1" complexity="1">
              <lines>
                <line number="246" hits="1935" branch="False" />
              </lines>
            </method>
            <method name="TileToWorldX" signature="(System.Int32,System.Int32)" line-rate="1" branch-rate="1" complexity="1">
              <lines>
                <line number="252" hits="20" branch="False" />
              </lines>
            </method>
            <method name="TileToWorldY" signature="(System.Int32,System.Int32)" line-rate="1" branch-rate="1" complexity="1">
              <lines>
                <line number="255" hits="34" branch="False" />
              </lines>
            </method>
            <method name=".cctor" signature="()" line-rate="1" branch-rate="1" complexity="1">
              <lines>
                <line number="163" hits="1" branch="False" />
                <line number="164" hits="1" branch="False" />
                <line number="165" hits="1" branch="False" />
                <line number="166" hits="1" branch="False" />
                <line number="167" hits="1" branch="False" />
                <line number="168" hits="1" branch="False" />
                <line number="169" hits="1" branch="False" />
                <line number="170" hits="1" branch="False" />
                <line number="171" hits="1" branch="False" />
                <line number="182" hits="1" branch="False" />
                <line number="183" hits="1" branch="False" />
                <line number="184" hits="1" branch="False" />
                <line number="185" hits="1" branch="False" />
                <line number="186" hits="1" branch="False" />
                <line number="187" hits="1" branch="False" />
                <line number="188" hits="1" branch="False" />
                <line number="189" hits="1" branch="False" />
                <line number="190" hits="1" branch="False" />
                <line number="191" hits="1" branch="False" />
                <line number="192" hits="1" branch="False" />
                <line number="193" hits="1" branch="False" />
                <line number="194" hits="1" branch="False" />
                <line number="195" hits="1" branch="False" />
                <line number="196" hits="1" branch="False" />
              </lines>
            </method>
          </methods>
          <lines>
            <line number="122" hits="14" branch="False" />
            <line number="123" hits="14" branch="False" />
            <line number="124" hits="14" branch="False" />
            <line number="125" hits="14" branch="False" />
            <line number="126" hits="14" branch="False" />
            <line number="207" hits="2042" branch="False" />
            <line number="208" hits="2059" branch="True" condition-coverage="100% (2/2)">
              <conditions>
                <condition number="15" type="jump" coverage="100%" />
              </conditions>
            </line>
            <line number="209" hits="2042" branch="True" condition-coverage="100% (2/2)">
              <conditions>
                <condition number="42" type="jump" coverage="100%" />
              </conditions>
            </line>
            <line number="210" hits="2049" branch="True" condition-coverage="100% (2/2)">
              <conditions>
                <condition number="69" type="jump" coverage="100%" />
              </conditions>
            </line>
            <line number="211" hits="2047" branch="True" condition-coverage="100% (2/2)">
              <conditions>
                <condition number="98" type="jump" coverage="100%" />
              </conditions>
            </line>
            <line number="212" hits="1905" branch="True" condition-coverage="100% (2/2)">
              <conditions>
                <condition number="127" type="jump" coverage="100%" />
              </conditions>
            </line>
            <line number="213" hits="1887" branch="True" condition-coverage="100% (2/2)">
              <conditions>
                <condition number="156" type="jump" coverage="100%" />
              </conditions>
            </line>
            <line number="214" hits="1869" branch="True" condition-coverage="100% (2/2)">
              <conditions>
                <condition number="182" type="jump" coverage="100%" />
              </conditions>
            </line>
            <line number="215" hits="1851" branch="True" condition-coverage="100% (2/2)">
              <conditions>
                <condition number="208" type="jump" coverage="100%" />
              </conditions>
            </line>
            <line number="216" hits="1874" branch="True" condition-coverage="100% (2/2)">
              <conditions>
                <condition number="234" type="jump" coverage="100%" />
              </conditions>
            </line>
            <line number="217" hits="2107" branch="True" condition-coverage="100% (2/2)">
              <conditions>
                <condition number="255" type="jump" coverage="100%" />
              </conditions>
            </line>
            <line number="218" hits="1405" branch="False" />
            <line number="219" hits="2042" branch="False" />
            <line number="225" hits="612" branch="True" condition-coverage="100% (46/46)">
              <conditions>
                <condition number="17" type="jump" coverage="100%" />
                <condition number="25" type="jump" coverage="100%" />
                <condition number="33" type="jump" coverage="100%" />
                <condition number="62" type="jump" coverage="100%" />
                <condition number="75" type="jump" coverage="100%" />
                <condition number="101" type="jump" coverage="100%" />
                <condition number="109" type="jump" coverage="100%" />
                <condition number="135" type="jump" coverage="100%" />
                <condition number="145" type="jump" coverage="100%" />
                <condition number="88" type="jump" coverage="100%" />
                <condition number="158" type="jump" coverage="100%" />
                <condition number="119" type="jump" coverage="100%" />
                <condition number="46" type="jump" coverage="100%" />
                <condition number="176" type="jump" coverage="100%" />
                <condition number="197" type="jump" coverage="100%" />
                <condition number="218" type="jump" coverage="100%" />
                <condition number="236" type="jump" coverage="100%" />
                <condition number="254" type="jump" coverage="100%" />
                <condition number="269" type="jump" coverage="100%" />
                <condition number="284" type="jump" coverage="100%" />
                <condition number="299" type="jump" coverage="100%" />
                <condition number="314" type="jump" coverage="100%" />
                <condition number="329" type="jump" coverage="100%" />
              </conditions>
            </line>
            <line number="226" hits="612" branch="False" />
            <line number="227" hits="415" branch="False" />
            <line number="228" hits="104" branch="False" />
            <line number="229" hits="19" branch="False" />
            <line number="230" hits="26" branch="False" />
            <line number="231" hits="13" branch="False" />
            <line number="232" hits="5" branch="False" />
            <line number="233" hits="5" branch="False" />
            <line number="234" hits="11" branch="False" />
            <line number="235" hits="11" branch="False" />
            <line number="236" hits="1" branch="False" />
            <line number="237" hits="2" branch="False" />
            <line number="238" hits="612" branch="False" />
            <line number="246" hits="1935" branch="False" />
            <line number="252" hits="20" branch="False" />
            <line number="255" hits="34" branch="False" />
            <line number="163" hits="1" branch="False" />
            <line number="164" hits="1" branch="False" />
            <line number="165" hits="1" branch="False" />
            <line number="166" hits="1" branch="False" />
            <line number="167" hits="1" branch="False" />
            <line number="168" hits="1" branch="False" />
            <line number="169" hits="1" branch="False" />
            <line number="170" hits="1" branch="False" />
            <line number="171" hits="1" branch="False" />
            <line number="182" hits="1" branch="False" />
            <line number="183" hits="1" branch="False" />
            <line number="184" hits="1" branch="False" />
            <line number="185" hits="1" branch="False" />
            <line number="186" hits="1" branch="False" />
            <line number="187" hits="1" branch="False" />
            <line number="188" hits="1" branch="False" />
            <line number="189" hits="1" branch="False" />
            <line number="190" hits="1" branch="False" />
            <line number="191" hits="1" branch="False" />
            <line number="192" hits="1" branch="False" />
            <line number="193" hits="1" branch="False" />
            <line number="194" hits="1" branch="False" />
            <line number="195" hits="1" branch="False" />
            <line number="196" hits="1" branch="False" />
          </lines>
        </class>
        <class name="EchoForest.Core.CottageSceneConfig/TileZone" filename="src/Scripts/Core/CottageSceneConfig.cs" line-rate="1" branch-rate="1" complexity="10">
          <methods>
            <method name="get_Col" signature="()" line-rate="1" branch-rate="1" complexity="1">
              <lines>
                <line number="135" hits="34585" branch="False" />
              </lines>
            </method>
            <method name="Contains" signature="(System.Int32,System.Int32)" line-rate="1" branch-rate="1" complexity="6">
              <lines>
                <line number="139" hits="17508" branch="True" condition-coverage="100% (6/6)">
                  <conditions>
                    <condition number="7" type="jump" coverage="100%" />
                    <condition number="23" type="jump" coverage="100%" />
                    <condition number="32" type="jump" coverage="100%" />
                  </conditions>
                </line>
              </lines>
            </method>
            <method name="get_TileCount" signature="()" line-rate="1" branch-rate="1" complexity="1">
              <lines>
                <line number="142" hits="10" branch="False" />
              </lines>
            </method>
            <method name="get_EndCol" signature="()" line-rate="1" branch-rate="1" complexity="1">
              <lines>
                <line number="145" hits="75" branch="False" />
              </lines>
            </method>
            <method name="get_EndRow" signature="()" line-rate="1" branch-rate="1" complexity="1">
              <lines>
                <line number="148" hits="158" branch="False" />
              </lines>
            </method>
          </methods>
          <lines>
            <line number="135" hits="34585" branch="False" />
            <line number="139" hits="17508" branch="True" condition-coverage="100% (6/6)">
              <conditions>
                <condition number="7" type="jump" coverage="100%" />
                <condition number="23" type="jump" coverage="100%" />
                <condition number="32" type="jump" coverage="100%" />
              </conditions>
            </line>
            <line number="142" hits="10" branch="False" />
            <line number="145" hits="75" branch="False" />
            <line number="148" hits="158" branch="False" />
          </lines>
        </class>
        <class name="EchoForest.Core.CottageSceneConfig/PropPlacement" filename="src/Scripts/Core/CottageSceneConfig.cs" line-rate="1" branch-rate="1" complexity="1">
          <methods>
            <method name="get_FileName" signature="()" line-rate="1" branch-rate="1" complexity="1">
              <lines>
                <line number="176" hits="169" branch="False" />
              </lines>
            </method>
          </methods>
          <lines>
            <line number="176" hits="169" branch="False" />
          </lines>
        </class>
        <class name="EchoForest.Core.HudController" filename="src/Scripts/Core/HudController.cs" line-rate="1" branch-rate="1" complexity="12">
          <methods>
            <method name="get_IsTutorialHintVisible" signature="()" line-rate="1" branch-rate="1" complexity="1">
              <lines>
                <line number="23" hits="24" branch="False" />
              </lines>
            </method>
            <method name="get_IsDebugLabelVisible" signature="()" line-rate="1" branch-rate="1" complexity="1">
              <lines>
                <line number="26" hits="9" branch="False" />
              </lines>
            </method>
            <method name="get_PlayerStateText" signature="()" line-rate="1" branch-rate="1" complexity="1">
              <lines>
                <line number="29" hits="25" branch="False" />
              </lines>
            </method>
            <method name="Initialize" signature="()" line-rate="1" branch-rate="1" complexity="1">
              <lines>
                <line number="48" hits="8" branch="False" />
                <line number="49" hits="8" branch="False" />
                <line number="50" hits="8" branch="False" />
                <line number="51" hits="8" branch="False" />
                <line number="52" hits="8" branch="False" />
              </lines>
            </method>
            <method name="SimulateTimePassed" signature="(System.Single)" line-rate="1" branch-rate="1" complexity="4">
              <lines>
                <line number="60" hits="10" branch="False" />
                <line number="61" hits="11" branch="True" condition-coverage="100% (2/2)">
                  <conditions>
                    <condition number="12" type="jump" coverage="100%" />
                  </conditions>
                </line>
                <line number="63" hits="9" branch="False" />
                <line number="64" hits="9" branch="True" condition-coverage="100% (2/2)">
                  <conditions>
                    <condition number="49" type="jump" coverage="100%" />
                  </conditions>
                </line>
                <line number="65" hits="5" branch="False" />
                <line number="66" hits="10" branch="False" />
              </lines>
            </method>
            <method name="SetDebugMode" signature="(System.Boolean)" line-rate="1" branch-rate="1" complexity="1">
              <lines>
                <line number="75" hits="5" branch="False" />
                <line number="76" hits="5" branch="False" />
                <line number="77" hits="5" branch="False" />
              </lines>
            </method>
            <method name="UpdatePlayerState" signature="(System.String)" line-rate="1" branch-rate="1" complexity="2">
              <lines>
                <line number="83" hits="4" branch="False" />
                <line number="84" hits="4" branch="True" condition-coverage="100% (2/2)">
                  <conditions>
                    <condition number="4" type="jump" coverage="100%" />
                  </conditions>
                </line>
                <line number="85" hits="4" branch="False" />
              </lines>
            </method>
            <method name=".ctor" signature="(System.Single)" line-rate="1" branch-rate="1" complexity="1">
              <lines>
                <line number="37" hits="17" branch="False" />
                <line number="38" hits="17" branch="False" />
                <line number="39" hits="17" branch="False" />
                <line number="40" hits="17" branch="False" />
              </lines>
            </method>
          </methods>
          <lines>
            <line number="23" hits="24" branch="False" />
            <line number="26" hits="9" branch="False" />
            <line number="29" hits="25" branch="False" />
            <line number="48" hits="8" branch="False" />
            <line number="49" hits="8" branch="False" />
            <line number="50" hits="8" branch="False" />
            <line number="51" hits="8" branch="False" />
            <line number="52" hits="8" branch="False" />
            <line number="60" hits="10" branch="False" />
            <line number="61" hits="11" branch="True" condition-coverage="100% (2/2)">
              <conditions>
                <condition number="12" type="jump" coverage="100%" />
              </conditions>
            </line>
            <line number="63" hits="9" branch="False" />
            <line number="64" hits="9" branch="True" condition-coverage="100% (2/2)">
              <conditions>
                <condition number="49" type="jump" coverage="100%" />
              </conditions>
            </line>
            <line number="65" hits="5" branch="False" />
            <line number="66" hits="10" branch="False" />
            <line number="75" hits="5" branch="False" />
            <line number="76" hits="5" branch="False" />
            <line number="77" hits="5" branch="False" />
            <line number="83" hits="4" branch="False" />
            <line number="84" hits="4" branch="True" condition-coverage="100% (2/2)">
              <conditions>
                <condition number="4" type="jump" coverage="100%" />
              </conditions>
            </line>
            <line number="85" hits="4" branch="False" />
            <line number="37" hits="17" branch="False" />
            <line number="38" hits="17" branch="False" />
            <line number="39" hits="17" branch="False" />
            <line number="40" hits="17" branch="False" />
          </lines>
        </class>
        <class name="EchoForest.Core.IsometricMath" filename="src/Scripts/Core/IsometricMath.cs" line-rate="1" branch-rate="1" complexity="4">
          <methods>
            <method name="TileToWorld" signature="(Godot.Vector2I)" line-rate="1" branch-rate="1" complexity="1">
              <lines>
                <line number="31" hits="17" branch="False" />
                <line number="32" hits="17" branch="False" />
                <line number="33" hits="17" branch="False" />
                <line number="34" hits="17" branch="False" />
                <line number="35" hits="17" branch="False" />
              </lines>
            </method>
            <method name="WorldToTile" signature="(Godot.Vector2)" line-rate="1" branch-rate="1" complexity="1">
              <lines>
                <line number="43" hits="9" branch="False" />
                <line number="44" hits="9" branch="False" />
                <line number="45" hits="9" branch="False" />
                <line number="46" hits="9" branch="False" />
                <line number="47" hits="9" branch="False" />
                <line number="48" hits="9" branch="False" />
                <line number="49" hits="9" branch="False" />
                <line number="50" hits="9" branch="False" />
              </lines>
            </method>
            <method name="CalculateZIndex" signature="(Godot.Vector2)" line-rate="1" branch-rate="1" complexity="1">
              <lines>
                <line number="57" hits="20" branch="False" />
              </lines>
            </method>
            <method name=".cctor" signature="()" line-rate="1" branch-rate="1" complexity="1">
              <lines>
                <line number="24" hits="1" branch="False" />
                <line number="25" hits="1" branch="False" />
              </lines>
            </method>
          </methods>
          <lines>
            <line number="31" hits="17" branch="False" />
            <line number="32" hits="17" branch="False" />
            <line number="33" hits="17" branch="False" />
            <line number="34" hits="17" branch="False" />
            <line number="35" hits="17" branch="False" />
            <line number="43" hits="9" branch="False" />
            <line number="44" hits="9" branch="False" />
            <line number="45" hits="9" branch="False" />
            <line number="46" hits="9" branch="False" />
            <line number="47" hits="9" branch="False" />
            <line number="48" hits="9" branch="False" />
            <line number="49" hits="9" branch="False" />
            <line number="50" hits="9" branch="False" />
            <line number="57" hits="20" branch="False" />
            <line number="24" hits="1" branch="False" />
            <line number="25" hits="1" branch="False" />
          </lines>
        </class>
        <class name="EchoForest.Core.IsometricSorter" filename="src/Scripts/Core/IsometricSorter.cs" line-rate="1" branch-rate="1" complexity="1">
          <methods>
            <method name="CalculateZIndex" signature="(Godot.Vector2)" line-rate="1" branch-rate="1" complexity="1">
              <lines>
                <line number="32" hits="14" branch="False" />
              </lines>
            </method>
          </methods>
          <lines>
            <line number="32" hits="14" branch="False" />
          </lines>
        </class>
        <class name="EchoForest.Core.LoadingScreen" filename="src/Scripts/Core/LoadingScreen.cs" line-rate="1" branch-rate="1" complexity="3">
          <methods>
            <method name="get_IsVisible" signature="()" line-rate="1" branch-rate="1" complexity="1">
              <lines>
                <line number="17" hits="30" branch="False" />
              </lines>
            </method>
            <method name="Show" signature="()" line-rate="1" branch-rate="1" complexity="1">
              <lines>
                <line number="20" hits="8" branch="False" />
              </lines>
            </method>
            <method name="Hide" signature="()" line-rate="1" branch-rate="1" complexity="1">
              <lines>
                <line number="23" hits="6" branch="False" />
              </lines>
            </method>
          </methods>
          <lines>
            <line number="17" hits="30" branch="False" />
            <line number="20" hits="8" branch="False" />
            <line number="23" hits="6" branch="False" />
          </lines>
        </class>
        <class name="EchoForest.Core.MockAnimatedSprite" filename="src/Scripts/Core/MockAnimatedSprite.cs" line-rate="1" branch-rate="1" complexity="4">
          <methods>
            <method name="get_CurrentAnimation" signature="()" line-rate="1" branch-rate="1" complexity="1">
              <lines>
                <line number="11" hits="113" branch="False" />
              </lines>
            </method>
            <method name="get_LastPlayedAnimation" signature="()" line-rate="1" branch-rate="1" complexity="1">
              <lines>
                <line number="14" hits="64" branch="False" />
              </lines>
            </method>
            <method name="get_PlayCallCount" signature="()" line-rate="1" branch-rate="1" complexity="1">
              <lines>
                <line number="17" hits="71" branch="False" />
              </lines>
            </method>
            <method name="Play" signature="(System.String)" line-rate="1" branch-rate="1" complexity="1">
              <lines>
                <line number="21" hits="31" branch="False" />
                <line number="22" hits="31" branch="False" />
                <line number="23" hits="31" branch="False" />
                <line number="24" hits="31" branch="False" />
                <line number="25" hits="31" branch="False" />
              </lines>
            </method>
          </methods>
          <lines>
            <line number="11" hits="113" branch="False" />
            <line number="14" hits="64" branch="False" />
            <line number="17" hits="71" branch="False" />
            <line number="21" hits="31" branch="False" />
            <line number="22" hits="31" branch="False" />
            <line number="23" hits="31" branch="False" />
            <line number="24" hits="31" branch="False" />
            <line number="25" hits="31" branch="False" />
          </lines>
        </class>
        <class name="EchoForest.Core.MockInputHandler" filename="src/Scripts/Core/MockInputHandler.cs" line-rate="1" branch-rate="1" complexity="12">
          <methods>
            <method name="SetPressed" signature="(System.String,System.Boolean)" line-rate="1" branch-rate="1" complexity="2">
              <lines>
                <line number="17" hits="34" branch="False" />
                <line number="18" hits="67" branch="True" condition-coverage="100% (2/2)">
                  <conditions>
                    <condition number="4" type="jump" coverage="100%" />
                  </conditions>
                </line>
                <line number="19" hits="1" branch="False" />
                <line number="20" hits="34" branch="False" />
              </lines>
            </method>
            <method name="SetJustPressed" signature="(System.String,System.Boolean)" line-rate="1" branch-rate="1" complexity="2">
              <lines>
                <line number="23" hits="4" branch="False" />
                <line number="24" hits="7" branch="True" condition-coverage="100% (2/2)">
                  <conditions>
                    <condition number="4" type="jump" coverage="100%" />
                  </conditions>
                </line>
                <line number="25" hits="1" branch="False" />
                <line number="26" hits="4" branch="False" />
              </lines>
            </method>
            <method name="Reset" signature="()" line-rate="1" branch-rate="1" complexity="1">
              <lines>
                <line number="30" hits="4" branch="False" />
                <line number="31" hits="4" branch="False" />
                <line number="32" hits="4" branch="False" />
                <line number="33" hits="4" branch="False" />
              </lines>
            </method>
            <method name="IsActionPressed" signature="(System.String)" line-rate="1" branch-rate="1" complexity="1">
              <lines>
                <line number="37" hits="61" branch="False" />
              </lines>
            </method>
            <method name="IsActionJustPressed" signature="(System.String)" line-rate="1" branch-rate="1" complexity="1">
              <lines>
                <line number="38" hits="5" branch="False" />
              </lines>
            </method>
            <method name="GetAxis" signature="(System.String,System.String)" line-rate="1" branch-rate="1" complexity="4">
              <lines>
                <line number="41" hits="72" branch="False" />
                <line number="42" hits="72" branch="False" />
                <line number="43" hits="99" branch="True" condition-coverage="100% (2/2)">
                  <conditions>
                    <condition number="21" type="jump" coverage="100%" />
                  </conditions>
                </line>
                <line number="44" hits="79" branch="True" condition-coverage="100% (2/2)">
                  <conditions>
                    <condition number="45" type="jump" coverage="100%" />
                  </conditions>
                </line>
                <line number="45" hits="72" branch="False" />
                <line number="46" hits="72" branch="False" />
              </lines>
            </method>
            <method name=".ctor" signature="()" line-rate="1" branch-rate="1" complexity="1">
              <lines>
                <line number="11" hits="50" branch="False" />
                <line number="12" hits="50" branch="False" />
              </lines>
            </method>
          </methods>
          <lines>
            <line number="17" hits="34" branch="False" />
            <line number="18" hits="67" branch="True" condition-coverage="100% (2/2)">
              <conditions>
                <condition number="4" type="jump" coverage="100%" />
              </conditions>
            </line>
            <line number="19" hits="1" branch="False" />
            <line number="20" hits="34" branch="False" />
            <line number="23" hits="4" branch="False" />
            <line number="24" hits="7" branch="True" condition-coverage="100% (2/2)">
              <conditions>
                <condition number="4" type="jump" coverage="100%" />
              </conditions>
            </line>
            <line number="25" hits="1" branch="False" />
            <line number="26" hits="4" branch="False" />
            <line number="30" hits="4" branch="False" />
            <line number="31" hits="4" branch="False" />
            <line number="32" hits="4" branch="False" />
            <line number="33" hits="4" branch="False" />
            <line number="37" hits="61" branch="False" />
            <line number="38" hits="5" branch="False" />
            <line number="41" hits="72" branch="False" />
            <line number="42" hits="72" branch="False" />
            <line number="43" hits="99" branch="True" condition-coverage="100% (2/2)">
              <conditions>
                <condition number="21" type="jump" coverage="100%" />
              </conditions>
            </line>
            <line number="44" hits="79" branch="True" condition-coverage="100% (2/2)">
              <conditions>
                <condition number="45" type="jump" coverage="100%" />
              </conditions>
            </line>
            <line number="45" hits="72" branch="False" />
            <line number="46" hits="72" branch="False" />
            <line number="11" hits="50" branch="False" />
            <line number="12" hits="50" branch="False" />
          </lines>
        </class>
        <class name="EchoForest.Core.MockTileMapService" filename="src/Scripts/Core/MockTileMapService.cs" line-rate="1" branch-rate="1" complexity="8">
          <methods>
            <method name="SetWalkable" signature="(Godot.Vector2I,System.Boolean)" line-rate="1" branch-rate="1" complexity="2">
              <lines>
                <line number="22" hits="6" branch="False" />
                <line number="23" hits="10" branch="True" condition-coverage="100% (2/2)">
                  <conditions>
                    <condition number="4" type="jump" coverage="100%" />
                  </conditions>
                </line>
                <line number="24" hits="2" branch="False" />
                <line number="25" hits="6" branch="False" />
              </lines>
            </method>
            <method name="Reset" signature="()" line-rate="1" branch-rate="1" complexity="1">
              <lines>
                <line number="28" hits="1" branch="False" />
              </lines>
            </method>
            <method name="WorldToTile" signature="(Godot.Vector2)" line-rate="1" branch-rate="1" complexity="1">
              <lines>
                <line number="33" hits="1" branch="False" />
              </lines>
            </method>
            <method name="TileToWorld" signature="(Godot.Vector2I)" line-rate="1" branch-rate="1" complexity="1">
              <lines>
                <line number="36" hits="1" branch="False" />
              </lines>
            </method>
            <method name="IsWalkable" signature="(Godot.Vector2I)" line-rate="1" branch-rate="1" complexity="1">
              <lines>
                <line number="39" hits="6" branch="False" />
              </lines>
            </method>
            <method name="GetTileAtPosition" signature="(Godot.Vector2)" line-rate="1" branch-rate="1" complexity="1">
              <lines>
                <line number="46" hits="1" branch="False" />
              </lines>
            </method>
            <method name=".ctor" signature="()" line-rate="1" branch-rate="1" complexity="1">
              <lines>
                <line number="16" hits="9" branch="False" />
              </lines>
            </method>
          </methods>
          <lines>
            <line number="22" hits="6" branch="False" />
            <line number="23" hits="10" branch="True" condition-coverage="100% (2/2)">
              <conditions>
                <condition number="4" type="jump" coverage="100%" />
              </conditions>
            </line>
            <line number="24" hits="2" branch="False" />
            <line number="25" hits="6" branch="False" />
            <line number="28" hits="1" branch="False" />
            <line number="33" hits="1" branch="False" />
            <line number="36" hits="1" branch="False" />
            <line number="39" hits="6" branch="False" />
            <line number="46" hits="1" branch="False" />
            <line number="16" hits="9" branch="False" />
          </lines>
        </class>
        <class name="EchoForest.Core.Palette" filename="src/Scripts/Core/Palette.cs" line-rate="1" branch-rate="1" complexity="2">
          <methods>
            <method name="get_All" signature="()" line-rate="1" branch-rate="1" complexity="1">
              <lines>
                <line number="48" hits="11" branch="False" />
              </lines>
            </method>
            <method name=".cctor" signature="()" line-rate="1" branch-rate="1" complexity="1">
              <lines>
                <line number="17" hits="1" branch="False" />
                <line number="18" hits="1" branch="False" />
                <line number="19" hits="1" branch="False" />
                <line number="20" hits="1" branch="False" />
                <line number="21" hits="1" branch="False" />
                <line number="22" hits="1" branch="False" />
                <line number="23" hits="1" branch="False" />
                <line number="24" hits="1" branch="False" />
                <line number="25" hits="1" branch="False" />
                <line number="26" hits="1" branch="False" />
                <line number="27" hits="1" branch="False" />
                <line number="28" hits="1" branch="False" />
                <line number="29" hits="1" branch="False" />
                <line number="30" hits="1" branch="False" />
                <line number="31" hits="1" branch="False" />
                <line number="32" hits="1" branch="False" />
                <line number="36" hits="1" branch="False" />
                <line number="37" hits="1" branch="False" />
                <line number="38" hits="1" branch="False" />
                <line number="39" hits="1" branch="False" />
                <line number="40" hits="1" branch="False" />
                <line number="41" hits="1" branch="False" />
                <line number="42" hits="1" branch="False" />
              </lines>
            </method>
          </methods>
          <lines>
            <line number="48" hits="11" branch="False" />
            <line number="17" hits="1" branch="False" />
            <line number="18" hits="1" branch="False" />
            <line number="19" hits="1" branch="False" />
            <line number="20" hits="1" branch="False" />
            <line number="21" hits="1" branch="False" />
            <line number="22" hits="1" branch="False" />
            <line number="23" hits="1" branch="False" />
            <line number="24" hits="1" branch="False" />
            <line number="25" hits="1" branch="False" />
            <line number="26" hits="1" branch="False" />
            <line number="27" hits="1" branch="False" />
            <line number="28" hits="1" branch="False" />
            <line number="29" hits="1" branch="False" />
            <line number="30" hits="1" branch="False" />
            <line number="31" hits="1" branch="False" />
            <line number="32" hits="1" branch="False" />
            <line number="36" hits="1" branch="False" />
            <line number="37" hits="1" branch="False" />
            <line number="38" hits="1" branch="False" />
            <line number="39" hits="1" branch="False" />
            <line number="40" hits="1" branch="False" />
            <line number="41" hits="1" branch="False" />
            <line number="42" hits="1" branch="False" />
          </lines>
        </class>
        <class name="EchoForest.Core.PaletteValidator" filename="src/Scripts/Core/PaletteValidator.cs" line-rate="1" branch-rate="1" complexity="5">
          <methods>
            <method name="BuildApprovedSet" signature="()" line-rate="1" branch-rate="1" complexity="2">
              <lines>
                <line number="27" hits="1" branch="False" />
                <line number="28" hits="1" branch="False" />
                <line number="29" hits="35" branch="True" condition-coverage="100% (2/2)">
                  <conditions>
                    <condition number="51" type="jump" coverage="100%" />
                  </conditions>
                </line>
                <line number="30" hits="16" branch="False" />
                <line number="31" hits="1" branch="False" />
                <line number="32" hits="1" branch="False" />
              </lines>
            </method>
            <method name="IsApprovedColor" signature="(Godot.Color)" line-rate="1" branch-rate="1" complexity="2">
              <lines>
                <line number="39" hits="39" branch="False" />
                <line number="41" hits="39" branch="True" condition-coverage="100% (2/2)">
                  <conditions>
                    <condition number="16" type="jump" coverage="100%" />
                  </conditions>
                </line>
                <line number="42" hits="2" branch="False" />
                <line number="44" hits="37" branch="False" />
                <line number="45" hits="39" branch="False" />
              </lines>
            </method>
            <method name=".cctor" signature="()" line-rate="1" branch-rate="1" complexity="1">
              <lines>
                <line number="24" hits="1" branch="False" />
              </lines>
            </method>
          </methods>
          <lines>
            <line number="27" hits="1" branch="False" />
            <line number="28" hits="1" branch="False" />
            <line number="29" hits="35" branch="True" condition-coverage="100% (2/2)">
              <conditions>
                <condition number="51" type="jump" coverage="100%" />
              </conditions>
            </line>
            <line number="30" hits="16" branch="False" />
            <line number="31" hits="1" branch="False" />
            <line number="32" hits="1" branch="False" />
            <line number="39" hits="39" branch="False" />
            <line number="41" hits="39" branch="True" condition-coverage="100% (2/2)">
              <conditions>
                <condition number="16" type="jump" coverage="100%" />
              </conditions>
            </line>
            <line number="42" hits="2" branch="False" />
            <line number="44" hits="37" branch="False" />
            <line number="45" hits="39" branch="False" />
            <line number="24" hits="1" branch="False" />
          </lines>
        </class>
        <class name="EchoForest.Core.PhysicsLayers" filename="src/Scripts/Core/PhysicsLayers.cs" line-rate="1" branch-rate="1" complexity="1">
          <methods>
            <method name=".cctor" signature="()" line-rate="1" branch-rate="1" complexity="1">
              <lines>
                <line number="29" hits="1" branch="False" />
              </lines>
            </method>
          </methods>
          <lines>
            <line number="29" hits="1" branch="False" />
          </lines>
        </class>
        <class name="EchoForest.Core.PlayerAnimationController" filename="src/Scripts/Core/PlayerAnimationController.cs" line-rate="1" branch-rate="1" complexity="5">
          <methods>
            <method name="get_CurrentAnimationName" signature="()" line-rate="1" branch-rate="1" complexity="1">
              <lines>
                <line number="19" hits="21" branch="False" />
              </lines>
            </method>
            <method name="UpdateAnimation" signature="(EchoForest.Core.PlayerState,EchoForest.Core.Direction)" line-rate="1" branch-rate="1" complexity="2">
              <lines>
                <line number="35" hits="28" branch="False" />
                <line number="36" hits="28" branch="False" />
                <line number="37" hits="28" branch="True" condition-coverage="100% (2/2)">
                  <conditions>
                    <condition number="28" type="jump" coverage="100%" />
                  </conditions>
                </line>
                <line number="38" hits="2" branch="False" />
                <line number="40" hits="26" branch="False" />
                <line number="41" hits="28" branch="False" />
              </lines>
            </method>
            <method name=".ctor" signature="(EchoForest.Core.IAnimatedSprite)" line-rate="1" branch-rate="1" complexity="2">
              <lines>
                <line number="21" hits="33" branch="False" />
                <line number="22" hits="33" branch="False" />
                <line number="23" hits="33" branch="True" condition-coverage="100% (2/2)">
                  <conditions>
                    <condition number="11" type="jump" coverage="100%" />
                  </conditions>
                </line>
                <line number="24" hits="32" branch="False" />
              </lines>
            </method>
          </methods>
          <lines>
            <line number="19" hits="21" branch="False" />
            <line number="35" hits="28" branch="False" />
            <line number="36" hits="28" branch="False" />
            <line number="37" hits="28" branch="True" condition-coverage="100% (2/2)">
              <conditions>
                <condition number="28" type="jump" coverage="100%" />
              </conditions>
            </line>
            <line number="38" hits="2" branch="False" />
            <line number="40" hits="26" branch="False" />
            <line number="41" hits="28" branch="False" />
            <line number="21" hits="33" branch="False" />
            <line number="22" hits="33" branch="False" />
            <line number="23" hits="33" branch="True" condition-coverage="100% (2/2)">
              <conditions>
                <condition number="11" type="jump" coverage="100%" />
              </conditions>
            </line>
            <line number="24" hits="32" branch="False" />
          </lines>
        </class>
        <class name="EchoForest.Core.PlayerController" filename="src/Scripts/Core/PlayerController.cs" line-rate="1" branch-rate="1" complexity="28">
          <methods>
            <method name="get_Velocity" signature="()" line-rate="1" branch-rate="1" complexity="1">
              <lines>
                <line number="28" hits="199" branch="False" />
              </lines>
            </method>
            <method name="get_FacingDirection" signature="()" line-rate="1" branch-rate="1" complexity="1">
              <lines>
                <line number="29" hits="99" branch="False" />
              </lines>
            </method>
            <method name="get_CurrentState" signature="()" line-rate="1" branch-rate="1" complexity="1">
              <lines>
                <line number="30" hits="8" branch="False" />
              </lines>
            </method>
            <method name="get_Position" signature="()" line-rate="1" branch-rate="1" complexity="1">
              <lines>
                <line number="33" hits="113" branch="False" />
              </lines>
            </method>
            <method name="SimulatePhysicsFrame" signature="(System.Single)" line-rate="1" branch-rate="1" complexity="4">
              <lines>
                <line number="51" hits="34" branch="False" />
                <line number="52" hits="34" branch="False" />
                <line number="53" hits="34" branch="False" />
                <line number="55" hits="34" branch="False" />
                <line number="57" hits="34" branch="True" condition-coverage="100% (2/2)">
                  <conditions>
                    <condition number="70" type="jump" coverage="100%" />
                  </conditions>
                </line>
                <line number="58" hits="28" branch="False" />
                <line number="59" hits="28" branch="False" />
                <line number="60" hits="28" branch="False" />
                <line number="61" hits="28" branch="True" condition-coverage="100% (2/2)">
                  <conditions>
                    <condition number="102" type="jump" coverage="100%" />
                  </conditions>
                </line>
                <line number="62" hits="28" branch="False" />
                <line number="63" hits="28" branch="False" />
                <line number="64" hits="28" branch="False" />
                <line number="66" hits="6" branch="False" />
                <line number="67" hits="6" branch="False" />
                <line number="68" hits="6" branch="False" />
                <line number="70" hits="34" branch="False" />
                <line number="71" hits="34" branch="False" />
                <line number="72" hits="34" branch="False" />
              </lines>
            </method>
            <method name="UpdateStateMachine" signature="()" line-rate="1" branch-rate="1" complexity="8">
              <lines>
                <line number="77" hits="34" branch="False" />
                <line number="80" hits="34" branch="True" condition-coverage="100% (2/2)">
                  <conditions>
                    <condition number="24" type="jump" coverage="100%" />
                  </conditions>
                </line>
                <line number="81" hits="6" branch="False" />
                <line number="82" hits="6" branch="False" />
                <line number="83" hits="6" branch="False" />
                <line number="84" hits="28" branch="True" condition-coverage="100% (2/2)">
                  <conditions>
                    <condition number="50" type="jump" coverage="100%" />
                  </conditions>
                </line>
                <line number="85" hits="5" branch="False" />
                <line number="86" hits="5" branch="False" />
                <line number="87" hits="5" branch="False" />
                <line number="89" hits="23" branch="False" />
                <line number="90" hits="23" branch="False" />
                <line number="91" hits="23" branch="False" />
                <line number="93" hits="34" branch="True" condition-coverage="100% (4/4)">
                  <conditions>
                    <condition number="74" type="jump" coverage="100%" />
                    <condition number="106" type="jump" coverage="100%" />
                  </conditions>
                </line>
                <line number="94" hits="34" branch="False" />
                <line number="95" hits="22" branch="False" />
                <line number="96" hits="22" branch="False" />
                <line number="97" hits="22" branch="False" />
                <line number="98" hits="34" branch="False" />
              </lines>
            </method>
            <method name="SetVelocityForTest" signature="(Godot.Vector2)" line-rate="1" branch-rate="1" complexity="2">
              <lines>
                <line number="109" hits="14" branch="False" />
                <line number="110" hits="14" branch="False" />
                <line number="111" hits="14" branch="True" condition-coverage="100% (2/2)">
                  <conditions>
                    <condition number="25" type="jump" coverage="100%" />
                  </conditions>
                </line>
                <line number="112" hits="12" branch="False" />
                <line number="113" hits="14" branch="False" />
              </lines>
            </method>
            <method name="DominantDirection" signature="(Godot.Vector2)" line-rate="1" branch-rate="1" complexity="6">
              <lines>
                <line number="116" hits="40" branch="False" />
                <line number="117" hits="40" branch="True" condition-coverage="100% (2/2)">
                  <conditions>
                    <condition number="30" type="jump" coverage="100%" />
                  </conditions>
                </line>
                <line number="118" hits="32" branch="True" condition-coverage="100% (2/2)">
                  <conditions>
                    <condition number="43" type="jump" coverage="100%" />
                  </conditions>
                </line>
                <line number="119" hits="8" branch="True" condition-coverage="100% (2/2)">
                  <conditions>
                    <condition number="63" type="jump" coverage="100%" />
                  </conditions>
                </line>
                <line number="120" hits="40" branch="False" />
              </lines>
            </method>
            <method name=".ctor" signature="(EchoForest.Core.IInputHandler,EchoForest.Core.PlayerStateMachine)" line-rate="1" branch-rate="1" complexity="4">
              <lines>
                <line number="37" hits="41" branch="False" />
                <line number="38" hits="41" branch="False" />
[...]
            <line number="37" hits="1" branch="False" />
            <line number="38" hits="1" branch="False" />
          </lines>
        </class>
        <class name="EchoForest.Core.StateMachine`1" filename="src/Scripts/Core/StateMachine.cs" line-rate="0.9736" branch-rate="1" complexity="16">
          <methods>
            <method name="get_CurrentState" signature="()" line-rate="1" branch-rate="1" complexity="1">
              <lines>
                <line number="18" hits="261" branch="False" />
              </lines>
            </method>
            <method name="BuildTransitions" signature="()" line-rate="0" branch-rate="1" complexity="1">
              <lines>
                <line number="30" hits="0" branch="False" />
              </lines>
            </method>
            <method name="Initialize" signature="()" line-rate="1" branch-rate="1" complexity="1">
              <lines>
                <line number="40" hits="55" branch="False" />
                <line number="41" hits="55" branch="False" />
                <line number="42" hits="55" branch="False" />
              </lines>
            </method>
            <method name="TransitionTo" signature="(TState)" line-rate="1" branch-rate="1" complexity="2">
              <lines>
                <line number="45" hits="42" branch="False" />
                <line number="46" hits="42" branch="True" condition-coverage="100% (2/2)">
                  <conditions>
                    <condition number="19" type="jump" coverage="100%" />
                  </conditions>
                </line>
                <line number="47" hits="5" branch="False" />
                <line number="48" hits="5" branch="False" />
                <line number="50" hits="37" branch="False" />
                <line number="51" hits="37" branch="False" />
                <line number="52" hits="37" branch="False" />
                <line number="53" hits="37" branch="False" />
              </lines>
            </method>
            <method name="OnStateEnter" signature="(TState,System.Action)" line-rate="1" branch-rate="1" complexity="2">
              <lines>
                <line number="56" hits="4" branch="False" />
                <line number="57" hits="4" branch="True" condition-coverage="100% (2/2)">
                  <conditions>
                    <condition number="20" type="jump" coverage="100%" />
                  </conditions>
                </line>
                <line number="58" hits="4" branch="False" />
                <line number="59" hits="4" branch="False" />
                <line number="60" hits="4" branch="False" />
              </lines>
            </method>
            <method name="OnStateExit" signature="(TState,System.Action)" line-rate="1" branch-rate="1" complexity="2">
              <lines>
                <line number="63" hits="2" branch="False" />
                <line number="64" hits="2" branch="True" condition-coverage="100% (2/2)">
                  <conditions>
                    <condition number="20" type="jump" coverage="100%" />
                  </conditions>
                </line>
                <line number="65" hits="2" branch="False" />
                <line number="66" hits="2" branch="False" />
                <line number="67" hits="2" branch="False" />
              </lines>
            </method>
            <method name="IsValidTransition" signature="(TState,TState)" line-rate="1" branch-rate="1" complexity="2">
              <lines>
                <line number="70" hits="72" branch="False" />
                <line number="71" hits="80" branch="True" condition-coverage="100% (2/2)">
                  <conditions>
                    <condition number="12" type="jump" coverage="100%" />
                  </conditions>
                </line>
                <line number="72" hits="64" branch="False" />
                <line number="73" hits="72" branch="False" />
              </lines>
            </method>
            <method name="InvokeCallbacks" signature="(System.Collections.Generic.Dictionary`2&lt;TState,System.Collections.Generic.List`1&lt;System.Action&gt;&gt;,TState)" line-rate="1" branch-rate="1" complexity="4">
              <lines>
                <line number="76" hits="74" branch="False" />
                <line number="77" hits="74" branch="True" condition-coverage="100% (2/2)">
                  <conditions>
                    <condition number="12" type="jump" coverage="100%" />
                  </conditions>
                </line>
                <line number="78" hits="25" branch="True" condition-coverage="100% (2/2)">
                  <conditions>
                    <condition number="46" type="jump" coverage="100%" />
                  </conditions>
                </line>
                <line number="79" hits="5" branch="False" />
                <line number="80" hits="74" branch="False" />
              </lines>
            </method>
            <method name=".ctor" signature="(TState)" line-rate="1" branch-rate="1" complexity="1">
              <lines>
                <line number="12" hits="63" branch="False" />
                <line number="13" hits="63" branch="False" />
                <line number="20" hits="63" branch="False" />
                <line number="21" hits="63" branch="False" />
                <line number="22" hits="63" branch="False" />
                <line number="23" hits="63" branch="False" />
              </lines>
            </method>
          </methods>
          <lines>
            <line number="18" hits="261" branch="False" />
            <line number="30" hits="0" branch="False" />
            <line number="40" hits="55" branch="False" />
            <line number="41" hits="55" branch="False" />
            <line number="42" hits="55" branch="False" />
            <line number="45" hits="42" branch="False" />
            <line number="46" hits="42" branch="True" condition-coverage="100% (2/2)">
              <conditions>
                <condition number="19" type="jump" coverage="100%" />
              </conditions>
            </line>
            <line number="47" hits="5" branch="False" />
            <line number="48" hits="5" branch="False" />
            <line number="50" hits="37" branch="False" />
            <line number="51" hits="37" branch="False" />
            <line number="52" hits="37" branch="False" />
            <line number="53" hits="37" branch="False" />
            <line number="56" hits="4" branch="False" />
            <line number="57" hits="4" branch="True" condition-coverage="100% (2/2)">
              <conditions>
                <condition number="20" type="jump" coverage="100%" />
              </conditions>
            </line>
            <line number="58" hits="4" branch="False" />
            <line number="59" hits="4" branch="False" />
            <line number="60" hits="4" branch="False" />
            <line number="63" hits="2" branch="False" />
            <line number="64" hits="2" branch="True" condition-coverage="100% (2/2)">
              <conditions>
                <condition number="20" type="jump" coverage="100%" />
              </conditions>
            </line>
            <line number="65" hits="2" branch="False" />
            <line number="66" hits="2" branch="False" />
            <line number="67" hits="2" branch="False" />
            <line number="70" hits="72" branch="False" />
            <line number="71" hits="80" branch="True" condition-coverage="100% (2/2)">
              <conditions>
                <condition number="12" type="jump" coverage="100%" />
              </conditions>
            </line>
            <line number="72" hits="64" branch="False" />
            <line number="73" hits="72" branch="False" />
            <line number="76" hits="74" branch="False" />
            <line number="77" hits="74" branch="True" condition-coverage="100% (2/2)">
              <conditions>
                <condition number="12" type="jump" coverage="100%" />
              </conditions>
            </line>
            <line number="78" hits="25" branch="True" condition-coverage="100% (2/2)">
              <conditions>
                <condition number="46" type="jump" coverage="100%" />
              </conditions>
            </line>
            <line number="79" hits="5" branch="False" />
            <line number="80" hits="74" branch="False" />
            <line number="12" hits="63" branch="False" />
            <line number="13" hits="63" branch="False" />
            <line number="20" hits="63" branch="False" />
            <line number="21" hits="63" branch="False" />
            <line number="22" hits="63" branch="False" />
            <line number="23" hits="63" branch="False" />
          </lines>
        </class>
        <class name="EchoForest.Core.TileConfig" filename="src/Scripts/Core/TileConfig.cs" line-rate="1" branch-rate="1" complexity="9">
          <methods>
            <method name="get_Name" signature="()" line-rate="1" branch-rate="1" complexity="1">
              <lines>
                <line number="18" hits="133" branch="False" />
              </lines>
            </method>
            <method name="get_FileName" signature="()" line-rate="1" branch-rate="1" complexity="1">
              <lines>
                <line number="21" hits="198" branch="False" />
              </lines>
            </method>
            <method name="get_Width" signature="()" line-rate="1" branch-rate="1" complexity="1">
              <lines>
                <line number="24" hits="12" branch="False" />
              </lines>
            </method>
            <method name="get_Height" signature="()" line-rate="1" branch-rate="1" complexity="1">
              <lines>
                <line number="27" hits="12" branch="False" />
              </lines>
            </method>
            <method name="get_IsWalkable" signature="()" line-rate="1" branch-rate="1" complexity="1">
              <lines>
                <line number="30" hits="90" branch="False" />
              </lines>
            </method>
            <method name="get_ExpectedColorHexCodes" signature="()" line-rate="1" branch-rate="1" complexity="1">
              <lines>
                <line number="36" hits="25" branch="False" />
              </lines>
            </method>
            <method name="get_ResourcePath" signature="()" line-rate="1" branch-rate="1" complexity="1">
              <lines>
                <line number="39" hits="34" branch="False" />
              </lines>
            </method>
            <method name="get_FilePath" signature="()" line-rate="1" branch-rate="1" complexity="1">
              <lines>
                <line number="42" hits="12" branch="False" />
              </lines>
            </method>
            <method name=".ctor" signature="(System.String,System.String,System.Int32,System.Int32,System.Boolean,System.Collections.Generic.IReadOnlyList`1&lt;System.String&gt;)" line-rate="1" branch-rate="1" complexity="1">
              <lines>
                <line number="44" hits="25" branch="False" />
                <line number="45" hits="25" branch="False" />
                <line number="46" hits="25" branch="False" />
                <line number="47" hits="25" branch="False" />
                <line number="48" hits="25" branch="False" />
                <line number="49" hits="25" branch="False" />
                <line number="50" hits="25" branch="False" />
                <line number="51" hits="25" branch="False" />
                <line number="52" hits="25" branch="False" />
                <line number="53" hits="25" branch="False" />
                <line number="54" hits="25" branch="False" />
                <line number="55" hits="25" branch="False" />
                <line number="56" hits="25" branch="False" />
                <line number="57" hits="25" branch="False" />
                <line number="58" hits="25" branch="False" />
              </lines>
            </method>
          </methods>
          <lines>
            <line number="18" hits="133" branch="False" />
            <line number="21" hits="198" branch="False" />
            <line number="24" hits="12" branch="False" />
            <line number="27" hits="12" branch="False" />
            <line number="30" hits="90" branch="False" />
            <line number="36" hits="25" branch="False" />
            <line number="39" hits="34" branch="False" />
            <line number="42" hits="12" branch="False" />
            <line number="44" hits="25" branch="False" />
            <line number="45" hits="25" branch="False" />
            <line number="46" hits="25" branch="False" />
            <line number="47" hits="25" branch="False" />
            <line number="48" hits="25" branch="False" />
            <line number="49" hits="25" branch="False" />
            <line number="50" hits="25" branch="False" />
            <line number="51" hits="25" branch="False" />
            <line number="52" hits="25" branch="False" />
            <line number="53" hits="25" branch="False" />
            <line number="54" hits="25" branch="False" />
            <line number="55" hits="25" branch="False" />
            <line number="56" hits="25" branch="False" />
            <line number="57" hits="25" branch="False" />
            <line number="58" hits="25" branch="False" />
          </lines>
        </class>
        <class name="EchoForest.Core.TileRegistry" filename="src/Scripts/Core/TileRegistry.cs" line-rate="1" branch-rate="1" complexity="6">
          <methods>
            <method name="get_All" signature="()" line-rate="1" branch-rate="1" complexity="1">
              <lines>
                <line number="85" hits="25" branch="False" />
              </lines>
            </method>
            <method name="get_Walkable" signature="()" line-rate="1" branch-rate="1" complexity="1">
              <lines>
                <line number="90" hits="36" branch="False" />
              </lines>
            </method>
            <method name="get_Blocking" signature="()" line-rate="1" branch-rate="1" complexity="1">
              <lines>
                <line number="95" hits="36" branch="False" />
              </lines>
            </method>
            <method name="GetByFileName" signature="(System.String)" line-rate="1" branch-rate="1" complexity="1">
              <lines>
                <line number="101" hits="48" branch="False" />
              </lines>
            </method>
            <method name="GetByName" signature="(System.String)" line-rate="1" branch-rate="1" complexity="1">
              <lines>
                <line number="107" hits="19" branch="False" />
              </lines>
            </method>
            <method name=".cctor" signature="()" line-rate="1" branch-rate="1" complexity="1">
              <lines>
                <line number="28" hits="1" branch="False" />
                <line number="29" hits="1" branch="False" />
                <line number="30" hits="1" branch="False" />
                <line number="32" hits="1" branch="False" />
                <line number="33" hits="1" branch="False" />
                <line number="34" hits="1" branch="False" />
                <line number="36" hits="1" branch="False" />
                <line number="37" hits="1" branch="False" />
                <line number="38" hits="1" branch="False" />
                <line number="40" hits="1" branch="False" />
                <line number="41" hits="1" branch="False" />
                <line number="42" hits="1" branch="False" />
                <line number="44" hits="1" branch="False" />
                <line number="45" hits="1" branch="False" />
                <line number="46" hits="1" branch="False" />
                <line number="48" hits="1" branch="False" />
                <line number="49" hits="1" branch="False" />
                <line number="50" hits="1" branch="False" />
                <line number="52" hits="1" branch="False" />
                <line number="53" hits="1" branch="False" />
                <line number="54" hits="1" branch="False" />
                <line number="56" hits="1" branch="False" />
                <line number="57" hits="1" branch="False" />
                <line number="58" hits="1" branch="False" />
                <line number="60" hits="1" branch="False" />
                <line number="61" hits="1" branch="False" />
                <line number="62" hits="1" branch="False" />
                <line number="64" hits="1" branch="False" />
                <line number="65" hits="1" branch="False" />
                <line number="66" hits="1" branch="False" />
                <line number="68" hits="1" branch="False" />
                <line number="69" hits="1" branch="False" />
                <line number="70" hits="1" branch="False" />
                <line number="74" hits="1" branch="False" />
                <line number="75" hits="1" branch="False" />
                <line number="76" hits="1" branch="False" />
                <line number="77" hits="1" branch="False" />
                <line number="78" hits="1" branch="False" />
                <line number="79" hits="1" branch="False" />
              </lines>
            </method>
          </methods>
          <lines>
            <line number="85" hits="25" branch="False" />
            <line number="90" hits="36" branch="False" />
            <line number="95" hits="36" branch="False" />
            <line number="101" hits="48" branch="False" />
            <line number="107" hits="19" branch="False" />
            <line number="28" hits="1" branch="False" />
            <line number="29" hits="1" branch="False" />
            <line number="30" hits="1" branch="False" />
            <line number="32" hits="1" branch="False" />
            <line number="33" hits="1" branch="False" />
            <line number="34" hits="1" branch="False" />
            <line number="36" hits="1" branch="False" />
            <line number="37" hits="1" branch="False" />
            <line number="38" hits="1" branch="False" />
            <line number="40" hits="1" branch="False" />
            <line number="41" hits="1" branch="False" />
            <line number="42" hits="1" branch="False" />
            <line number="44" hits="1" branch="False" />
            <line number="45" hits="1" branch="False" />
            <line number="46" hits="1" branch="False" />
            <line number="48" hits="1" branch="False" />
            <line number="49" hits="1" branch="False" />
            <line number="50" hits="1" branch="False" />
            <line number="52" hits="1" branch="False" />
            <line number="53" hits="1" branch="False" />
            <line number="54" hits="1" branch="False" />
            <line number="56" hits="1" branch="False" />
            <line number="57" hits="1" branch="False" />
            <line number="58" hits="1" branch="False" />
            <line number="60" hits="1" branch="False" />
            <line number="61" hits="1" branch="False" />
            <line number="62" hits="1" branch="False" />
            <line number="64" hits="1" branch="False" />
            <line number="65" hits="1" branch="False" />
            <line number="66" hits="1" branch="False" />
            <line number="68" hits="1" branch="False" />
            <line number="69" hits="1" branch="False" />
            <line number="70" hits="1" branch="False" />
            <line number="74" hits="1" branch="False" />
            <line number="75" hits="1" branch="False" />
            <line number="76" hits="1" branch="False" />
            <line number="77" hits="1" branch="False" />
            <line number="78" hits="1" branch="False" />
            <line number="79" hits="1" branch="False" />
          </lines>
        </class>
      </classes>
    </package>
  </packages>
</coverage>