<?xml version="1.0" encoding="utf-8"?>
<!DOCTYPE coverage SYSTEM "http://cobertura.sourceforge.net/xml/coverage-04.dtd">
<coverage line-rate="0.9693877551020408" branch-rate="0.8888888888888888" lines-covered="95" lines-valid="98" branches-covered="16" branches-valid="18" complexity="44" version="0" timestamp="1775755027">
  <sources>
    <source>/home/runner/work/EchoForest/EchoForest/src/Scripts/Core/</source>
  </sources>
  <packages>
    <package name="EchoForest" line-rate="0.9693877551020408" branch-rate="0.8888888888888888" complexity="44">
      <classes>
        <class name="EchoForest.Core.CameraController" filename="/home/runner/work/EchoForest/EchoForest/src/Scripts/Core/CameraController.cs" line-rate="1" branch-rate="1" complexity="18">
          <methods>
            <method name="get_Position" signature="()" line-rate="1" branch-rate="1" complexity="1">
              <lines>
                <line number="22" hits="208" branch="false" />
              </lines>
            </method>
            <method name="get_FollowSpeed" signature="()" line-rate="1" branch-rate="1" complexity="1">
              <lines>
                <line number="35" hits="4" branch="false" />
              </lines>
            </method>
            <method name="set_FollowSpeed" signature="(System.Single)" line-rate="1" branch-rate="1" complexity="2">
              <lines>
                <line number="37" hits="10" branch="false" />
                <line number="38" hits="10" branch="true" condition-coverage="100% (2/2)" />
                <line number="39" hits="4" branch="false" />
                <line number="40" hits="6" branch="false" />
                <line number="41" hits="6" branch="false" />
              </lines>
            </method>
            <method name="get_Offset" signature="()" line-rate="1" branch-rate="1" complexity="1">
              <lines>
                <line number="50" hits="56" branch="false" />
              </lines>
            </method>
            <method name="get_SnapToPixels" signature="()" line-rate="1" branch-rate="1" complexity="1">
              <lines>
                <line number="58" hits="68" branch="false" />
              </lines>
            </method>
            <method name="SetTarget" signature="(Godot.Vector2)" line-rate="1" branch-rate="1" complexity="1">
              <lines>
                <line number="65" hits="10" branch="false" />
              </lines>
            </method>
            <method name="ClearTarget" signature="()" line-rate="1" branch-rate="1" complexity="1">
              <lines>
                <line number="68" hits="2" branch="false" />
              </lines>
            </method>
            <method name="SetBounds" signature="(Godot.Rect2)" line-rate="1" branch-rate="1" complexity="1">
              <lines>
                <line number="81" hits="12" branch="false" />
                <line number="82" hits="12" branch="false" />
                <line number="83" hits="12" branch="false" />
                <line number="84" hits="12" branch="false" />
              </lines>
            </method>
            <method name="ForcePosition" signature="(Godot.Vector2)" line-rate="1" branch-rate="1" complexity="1">
              <lines>
                <line number="93" hits="22" branch="false" />
                <line number="94" hits="22" branch="false" />
                <line number="95" hits="22" branch="false" />
                <line number="96" hits="22" branch="false" />
              </lines>
            </method>
            <method name="ApplyBounds" signature="()" line-rate="1" branch-rate="1" complexity="2">
              <lines>
                <line number="105" hits="42" branch="false" />
                <line number="106" hits="70" branch="true" condition-coverage="100% (2/2)" />
                <line number="108" hits="14" branch="false" />
                <line number="109" hits="14" branch="false" />
                <line number="110" hits="14" branch="false" />
                <line number="111" hits="14" branch="false" />
                <line number="113" hits="14" branch="false" />
                <line number="114" hits="14" branch="false" />
                <line number="115" hits="14" branch="false" />
                <line number="116" hits="14" branch="false" />
                <line number="117" hits="42" branch="false" />
              </lines>
            </method>
            <method name="ApplyPixelSnap" signature="()" line-rate="1" branch-rate="1" complexity="1">
              <lines>
                <line number="127" hits="8" branch="false" />
                <line number="128" hits="8" branch="false" />
                <line number="129" hits="8" branch="false" />
                <line number="130" hits="8" branch="false" />
                <line number="131" hits="8" branch="false" />
                <line number="132" hits="8" branch="false" />
              </lines>
            </method>
            <method name="Update" signature="(System.Double)" line-rate="1" branch-rate="1" complexity="4">
              <lines>
                <line number="142" hits="18" branch="false" />
                <line number="143" hits="18" branch="true" condition-coverage="100% (2/2)" />
                <line number="144" hits="8" branch="false" />
                <line number="145" hits="8" branch="false" />
                <line number="146" hits="8" branch="false" />
                <line number="147" hits="8" branch="false" />
                <line number="148" hits="8" branch="false" />
                <line number="150" hits="18" branch="false" />
                <line number="152" hits="18" branch="true" condition-coverage="100% (2/2)" />
                <line number="153" hits="4" branch="false" />
                <line number="154" hits="18" branch="false" />
              </lines>
            </method>
            <method name=".ctor" signature="()" line-rate="1" branch-rate="1" complexity="1">
              <lines>
                <line number="26" hits="46" branch="false" />
              </lines>
            </method>
          </methods>
          <lines>
            <line number="22" hits="208" branch="false" />
            <line number="26" hits="46" branch="false" />
            <line number="35" hits="4" branch="false" />
            <line number="37" hits="10" branch="false" />
            <line number="38" hits="10" branch="true" condition-coverage="100% (2/2)" />
            <line number="39" hits="4" branch="false" />
            <line number="40" hits="6" branch="false" />
            <line number="41" hits="6" branch="false" />
            <line number="50" hits="56" branch="false" />
            <line number="58" hits="68" branch="false" />
            <line number="65" hits="10" branch="false" />
            <line number="68" hits="2" branch="false" />
            <line number="81" hits="12" branch="false" />
            <line number="82" hits="12" branch="false" />
            <line number="83" hits="12" branch="false" />
            <line number="84" hits="12" branch="false" />
            <line number="93" hits="22" branch="false" />
            <line number="94" hits="22" branch="false" />
            <line number="95" hits="22" branch="false" />
            <line number="96" hits="22" branch="false" />
            <line number="105" hits="42" branch="false" />
            <line number="106" hits="70" branch="true" condition-coverage="100% (2/2)" />
            <line number="108" hits="14" branch="false" />
            <line number="109" hits="14" branch="false" />
            <line number="110" hits="14" branch="false" />
            <line number="111" hits="14" branch="false" />
            <line number="113" hits="14" branch="false" />
            <line number="114" hits="14" branch="false" />
            <line number="115" hits="14" branch="false" />
            <line number="116" hits="14" branch="false" />
            <line number="117" hits="42" branch="false" />
            <line number="127" hits="8" branch="false" />
            <line number="128" hits="8" branch="false" />
            <line number="129" hits="8" branch="false" />
            <line number="130" hits="8" branch="false" />
            <line number="131" hits="8" branch="false" />
            <line number="132" hits="8" branch="false" />
            <line number="142" hits="18" branch="false" />
            <line number="143" hits="18" branch="true" condition-coverage="100% (2/2)" />
            <line number="144" hits="8" branch="false" />
            <line number="145" hits="8" branch="false" />
            <line number="146" hits="8" branch="false" />
            <line number="147" hits="8" branch="false" />
            <line number="148" hits="8" branch="false" />
            <line number="150" hits="18" branch="false" />
            <line number="152" hits="18" branch="true" condition-coverage="100% (2/2)" />
            <line number="153" hits="4" branch="false" />
            <line number="154" hits="18" branch="false" />
          </lines>
        </class>
        <class name="EchoForest.Core.Constants" filename="/home/runner/work/EchoForest/EchoForest/src/Scripts/Core/Constants.cs" line-rate="1" branch-rate="1" complexity="1">
          <methods>
            <method name="get_All" signature="()" line-rate="1" branch-rate="1" complexity="1">
              <lines>
                <line number="46" hits="4" branch="false" />
              </lines>
            </method>
          </methods>
          <lines>
            <line number="46" hits="4" branch="false" />
          </lines>
        </class>
        <class name="EchoForest.Core.IsometricMath" filename="/home/runner/work/EchoForest/EchoForest/src/Scripts/Core/IsometricMath.cs" line-rate="1" branch-rate="1" complexity="4">
          <methods>
            <method name="TileToWorld" signature="(Godot.Vector2I)" line-rate="1" branch-rate="1" complexity="1">
              <lines>
                <line number="31" hits="34" branch="false" />
                <line number="32" hits="34" branch="false" />
                <line number="33" hits="34" branch="false" />
                <line number="34" hits="34" branch="false" />
                <line number="35" hits="34" branch="false" />
              </lines>
            </method>
            <method name="WorldToTile" signature="(Godot.Vector2)" line-rate="1" branch-rate="1" complexity="1">
              <lines>
                <line number="43" hits="18" branch="false" />
                <line number="44" hits="18" branch="false" />
                <line number="45" hits="18" branch="false" />
                <line number="46" hits="18" branch="false" />
                <line number="47" hits="18" branch="false" />
                <line number="48" hits="18" branch="false" />
                <line number="49" hits="18" branch="false" />
                <line number="50" hits="18" branch="false" />
              </lines>
            </method>
            <method name="CalculateZIndex" signature="(Godot.Vector2)" line-rate="1" branch-rate="1" complexity="1">
              <lines>
                <line number="57" hits="40" branch="false" />
              </lines>
            </method>
            <method name=".cctor" signature="()" line-rate="1" branch-rate="1" complexity="1">
              <lines>
                <line number="24" hits="2" branch="false" />
                <line number="25" hits="2" branch="false" />
              </lines>
            </method>
          </methods>
          <lines>
            <line number="24" hits="2" branch="false" />
            <line number="25" hits="2" branch="false" />
            <line number="31" hits="34" branch="false" />
            <line number="32" hits="34" branch="false" />
            <line number="33" hits="34" branch="false" />
            <line number="34" hits="34" branch="false" />
            <line number="35" hits="34" branch="false" />
            <line number="43" hits="18" branch="false" />
            <line number="44" hits="18" branch="false" />
            <line number="45" hits="18" branch="false" />
            <line number="46" hits="18" branch="false" />
            <line number="47" hits="18" branch="false" />
            <line number="48" hits="18" branch="false" />
            <line number="49" hits="18" branch="false" />
            <line number="50" hits="18" branch="false" />
            <line number="57" hits="40" branch="false" />
          </lines>
        </class>
        <class name="EchoForest.Core.IsometricSorter" filename="/home/runner/work/EchoForest/EchoForest/src/Scripts/Core/IsometricSorter.cs" line-rate="1" branch-rate="1" complexity="1">
          <methods>
            <method name="CalculateZIndex" signature="(Godot.Vector2)" line-rate="1" branch-rate="1" complexity="1">
              <lines>
                <line number="32" hits="28" branch="false" />
              </lines>
            </method>
          </methods>
          <lines>
            <line number="32" hits="28" branch="false" />
          </lines>
        </class>
        <class name="EchoForest.Core.MockInputHandler" filename="/home/runner/work/EchoForest/EchoForest/src/Scripts/Core/MockInputHandler.cs" line-rate="0.9090909090909091" branch-rate="0.75" complexity="12">
          <methods>
            <method name="SetPressed" signature="(System.String,System.Boolean)" line-rate="0.75" branch-rate="0.5" complexity="2">
              <lines>
                <line number="17" hits="12" branch="false" />
                <line number="18" hits="24" branch="true" condition-coverage="50% (1/2)" />
                <line number="19" hits="0" branch="false" />
                <line number="20" hits="12" branch="false" />
              </lines>
            </method>
            <method name="SetJustPressed" signature="(System.String,System.Boolean)" line-rate="0.75" branch-rate="0.5" complexity="2">
              <lines>
                <line number="23" hits="4" branch="false" />
                <line number="24" hits="8" branch="true" condition-coverage="50% (1/2)" />
                <line number="25" hits="0" branch="false" />
                <line number="26" hits="4" branch="false" />
              </lines>
            </method>
            <method name="Reset" signature="()" line-rate="1" branch-rate="1" complexity="1">
              <lines>
                <line number="30" hits="2" branch="false" />
                <line number="31" hits="2" branch="false" />
                <line number="32" hits="2" branch="false" />
                <line number="33" hits="2" branch="false" />
              </lines>
            </method>
            <method name="IsActionPressed" signature="(System.String)" line-rate="1" branch-rate="1" complexity="1">
              <lines>
                <line number="37" hits="6" branch="false" />
              </lines>
            </method>
            <method name="IsActionJustPressed" signature="(System.String)" line-rate="1" branch-rate="1" complexity="1">
              <lines>
                <line number="38" hits="6" branch="false" />
              </lines>
            </method>
            <method name="GetAxis" signature="(System.String,System.String)" line-rate="1" branch-rate="1" complexity="4">
              <lines>
                <line number="41" hits="8" branch="false" />
                <line number="42" hits="8" branch="false" />
                <line number="43" hits="12" branch="true" condition-coverage="100% (2/2)" />
                <line number="44" hits="12" branch="true" condition-coverage="100% (2/2)" />
                <line number="45" hits="8" branch="false" />
                <line number="46" hits="8" branch="false" />
              </lines>
            </method>
            <method name=".ctor" signature="()" line-rate="1" branch-rate="1" complexity="1">
              <lines>
                <line number="11" hits="18" branch="false" />
                <line number="12" hits="18" branch="false" />
              </lines>
            </method>
          </methods>
          <lines>
            <line number="11" hits="18" branch="false" />
            <line number="12" hits="18" branch="false" />
            <line number="17" hits="12" branch="false" />
            <line number="18" hits="24" branch="true" condition-coverage="50% (1/2)" />
            <line number="19" hits="0" branch="false" />
            <line number="20" hits="12" branch="false" />
            <line number="23" hits="4" branch="false" />
            <line number="24" hits="8" branch="true" condition-coverage="50% (1/2)" />
            <line number="25" hits="0" branch="false" />
            <line number="26" hits="4" branch="false" />
            <line number="30" hits="2" branch="false" />
            <line number="31" hits="2" branch="false" />
            <line number="32" hits="2" branch="false" />
            <line number="33" hits="2" branch="false" />
            <line number="37" hits="6" branch="false" />
            <line number="38" hits="6" branch="false" />
            <line number="41" hits="8" branch="false" />
            <line number="42" hits="8" branch="false" />
            <line number="43" hits="12" branch="true" condition-coverage="100% (2/2)" />
            <line number="44" hits="12" branch="true" condition-coverage="100% (2/2)" />
            <line number="45" hits="8" branch="false" />
            <line number="46" hits="8" branch="false" />
          </lines>
        </class>
        <class name="EchoForest.Core.MockTileMapService" filename="/home/runner/work/EchoForest/EchoForest/src/Scripts/Core/MockTileMapService.cs" line-rate="0.9" branch-rate="1" complexity="8">
          <methods>
            <method name="SetWalkable" signature="(Godot.Vector2I,System.Boolean)" line-rate="1" branch-rate="1" complexity="2">
              <lines>
                <line number="22" hits="8" branch="false" />
                <line number="23" hits="12" branch="true" condition-coverage="100% (2/2)" />
                <line number="24" hits="4" branch="false" />
                <line number="25" hits="8" branch="false" />
              </lines>
            </method>
            <method name="Reset" signature="()" line-rate="0" branch-rate="1" complexity="1">
              <lines>
                <line number="28" hits="0" branch="false" />
              </lines>
            </method>
            <method name="WorldToTile" signature="(Godot.Vector2)" line-rate="1" branch-rate="1" complexity="1">
              <lines>
                <line number="33" hits="2" branch="false" />
              </lines>
            </method>
            <method name="TileToWorld" signature="(Godot.Vector2I)" line-rate="1" branch-rate="1" complexity="1">
              <lines>
                <line number="36" hits="2" branch="false" />
              </lines>
            </method>
            <method name="IsWalkable" signature="(Godot.Vector2I)" line-rate="1" branch-rate="1" complexity="1">
              <lines>
                <line number="39" hits="8" branch="false" />
              </lines>
            </method>
            <method name="GetTileAtPosition" signature="(Godot.Vector2)" line-rate="1" branch-rate="1" complexity="1">
              <lines>
                <line number="46" hits="2" branch="false" />
              </lines>
            </method>
            <method name=".ctor" signature="()" line-rate="1" branch-rate="1" complexity="1">
              <lines>
                <line number="16" hits="16" branch="false" />
              </lines>
            </method>
          </methods>
          <lines>
            <line number="16" hits="16" branch="false" />
            <line number="22" hits="8" branch="false" />
            <line number="23" hits="12" branch="true" condition-coverage="100% (2/2)" />
            <line number="24" hits="4" branch="false" />
            <line number="25" hits="8" branch="false" />
            <line number="28" hits="0" branch="false" />
            <line number="33" hits="2" branch="false" />
            <line number="36" hits="2" branch="false" />
            <line number="39" hits="8" branch="false" />
            <line number="46" hits="2" branch="false" />
          </lines>
        </class>
      </classes>
    </package>
  </packages>
</coverage>